<?xml version="1.0" encoding="UTF-8"?>
<testsuite xmlns:xsi="http://www.w3.org/2001/XMLSchema-instance" xsi:noNamespaceSchemaLocation="https://maven.apache.org/surefire/maven-surefire-plugin/xsd/surefire-test-report-3.0.xsd" version="3.0" name="org.springframework.samples.petclinic.MySqlIntegrationTests" time="97.931" tests="2" errors="0" skipped="0" failures="0">
  <properties>
[...]
</properties>
  <testcase name="testFindAll" classname="org.springframework.samples.petclinic.MySqlIntegrationTests" time="0.792">
    <system-out><![CDATA[14:56:10.409 [main] INFO org.testcontainers.dockerclient.DockerClientProviderStrategy -- Loaded org.testcontainers.dockerclient.NpipeSocketClientProviderStrategy from ~/.testcontainers.properties, will try it first
14:56:11.316 [main] INFO org.testcontainers.dockerclient.DockerClientProviderStrategy -- Found Docker environment with local Npipe socket (npipe:////./pipe/docker_engine)
14:56:11.321 [main] INFO org.testcontainers.DockerClientFactory -- Docker host IP address is localhost
14:56:11.370 [main] INFO org.testcontainers.DockerClientFactory -- Connected to docker: 
  Server Version: 26.1.1
  API Version: 1.45
  Operating System: Docker Desktop
  Total Memory: 7906 MB
14:56:11.415 [main] INFO org.testcontainers.images.PullPolicy -- Image pull policy will be performed by: DefaultPullPolicy()
14:56:11.420 [main] INFO org.testcontainers.utility.ImageNameSubstitutor -- Image name substitution will be performed by: DefaultImageNameSubstitutor (composite of 'ConfigurationFileImageNameSubstitutor' and 'PrefixingImageNameSubstitutor')
14:56:11.507 [main] INFO tc.testcontainers/ryuk:0.7.0 -- Pulling docker image: testcontainers/ryuk:0.7.0. Please be patient; this may take some time but only needs to be done once.
14:56:16.056 [docker-java-stream-1816712360] INFO tc.testcontainers/ryuk:0.7.0 -- Starting to pull image
14:56:16.094 [docker-java-stream-1816712360] INFO tc.testcontainers/ryuk:0.7.0 -- Pulling image layers:  0 pending,  0 downloaded,  0 extracted, (0 bytes/0 bytes)
14:56:17.978 [docker-java-stream-1816712360] INFO tc.testcontainers/ryuk:0.7.0 -- Pulling image layers:  2 pending,  1 downloaded,  0 extracted, (3 KB/? MB)
14:56:18.765 [docker-java-stream-1816712360] INFO tc.testcontainers/ryuk:0.7.0 -- Pulling image layers:  1 pending,  2 downloaded,  0 extracted, (3 MB/? MB)
14:56:19.095 [docker-java-stream-1816712360] INFO tc.testcontainers/ryuk:0.7.0 -- Pulling image layers:  0 pending,  3 downloaded,  0 extracted, (5 MB/6 MB)
14:56:19.273 [docker-java-stream-1816712360] INFO tc.testcontainers/ryuk:0.7.0 -- Pulling image layers:  0 pending,  3 downloaded,  1 extracted, (5 MB/6 MB)
14:56:19.426 [docker-java-stream-1816712360] INFO tc.testcontainers/ryuk:0.7.0 -- Pulling image layers:  0 pending,  3 downloaded,  2 extracted, (6 MB/6 MB)
14:56:19.520 [docker-java-stream-1816712360] INFO tc.testcontainers/ryuk:0.7.0 -- Pulling image layers:  0 pending,  3 downloaded,  3 extracted, (6 MB/6 MB)
14:56:19.548 [docker-java-stream-1816712360] INFO tc.testcontainers/ryuk:0.7.0 -- Pull complete. 3 layers, pulled in 3s (downloaded 6 MB at 2 MB/s)
14:56:19.549 [main] INFO tc.testcontainers/ryuk:0.7.0 -- Image testcontainers/ryuk:0.7.0 pull took PT8.0422321S
14:56:19.596 [main] INFO tc.testcontainers/ryuk:0.7.0 -- Creating container for image: testcontainers/ryuk:0.7.0
14:56:19.849 [main] INFO tc.testcontainers/ryuk:0.7.0 -- Container testcontainers/ryuk:0.7.0 is starting: b340ae9f5a8deb3548b5d6b7066c057b1596d3412a38d84c2cf0f526cf9832d0
14:56:20.337 [main] INFO tc.testcontainers/ryuk:0.7.0 -- Container testcontainers/ryuk:0.7.0 started in PT0.7409356S
14:56:20.345 [main] INFO org.testcontainers.utility.RyukResourceReaper -- Ryuk started - will monitor and terminate Testcontainers containers on JVM exit
14:56:20.345 [main] INFO org.testcontainers.DockerClientFactory -- Checking the system...
14:56:20.346 [main] INFO org.testcontainers.DockerClientFactory -- ?? Docker server version should be at least 1.6.0
14:56:20.544 [main] INFO org.springframework.test.context.support.AnnotationConfigContextLoaderUtils -- Could not detect default configuration classes for test class [org.springframework.samples.petclinic.MySqlIntegrationTests]: MySqlIntegrationTests does not declare any static, non-private, non-final, nested classes annotated with @Configuration.
14:56:20.612 [main] INFO tc.mysql:8.4 -- Pulling docker image: mysql:8.4. Please be patient; this may take some time but only needs to be done once.
14:56:24.526 [docker-java-stream--348111525] INFO tc.mysql:8.4 -- Starting to pull image
14:56:24.527 [docker-java-stream--348111525] INFO tc.mysql:8.4 -- Pulling image layers:  0 pending,  0 downloaded,  0 extracted, (0 bytes/0 bytes)
14:56:26.762 [docker-java-stream--348111525] INFO tc.mysql:8.4 -- Pulling image layers:  9 pending,  1 downloaded,  0 extracted, (751 KB/? MB)
14:56:26.879 [docker-java-stream--348111525] INFO tc.mysql:8.4 -- Pulling image layers:  8 pending,  2 downloaded,  0 extracted, (1 MB/? MB)
14:56:28.226 [docker-java-stream--348111525] INFO tc.mysql:8.4 -- Pulling image layers:  7 pending,  3 downloaded,  0 extracted, (8 MB/? MB)
14:56:29.454 [docker-java-stream--348111525] INFO tc.mysql:8.4 -- Pulling image layers:  6 pending,  4 downloaded,  0 extracted, (13 MB/? MB)
14:56:32.030 [docker-java-stream--348111525] INFO tc.mysql:8.4 -- Pulling image layers:  5 pending,  5 downloaded,  0 extracted, (24 MB/? MB)
14:56:34.530 [docker-java-stream--348111525] INFO tc.mysql:8.4 -- Pulling image layers:  4 pending,  6 downloaded,  0 extracted, (34 MB/? MB)
14:56:45.570 [docker-java-stream--348111525] INFO tc.mysql:8.4 -- Pulling image layers:  3 pending,  7 downloaded,  0 extracted, (85 MB/? MB)
14:56:46.942 [docker-java-stream--348111525] INFO tc.mysql:8.4 -- Pulling image layers:  2 pending,  8 downloaded,  0 extracted, (90 MB/? MB)
14:56:59.477 [docker-java-stream--348111525] INFO tc.mysql:8.4 -- Pulling image layers:  1 pending,  9 downloaded,  0 extracted, (144 MB/? MB)
14:57:01.873 [docker-java-stream--348111525] INFO tc.mysql:8.4 -- Pulling image layers:  1 pending,  9 downloaded,  1 extracted, (151 MB/? MB)
14:57:01.928 [docker-java-stream--348111525] INFO tc.mysql:8.4 -- Pulling image layers:  1 pending,  9 downloaded,  2 extracted, (151 MB/? MB)
14:57:01.995 [docker-java-stream--348111525] INFO tc.mysql:8.4 -- Pulling image layers:  1 pending,  9 downloaded,  3 extracted, (151 MB/? MB)
14:57:02.364 [docker-java-stream--348111525] INFO tc.mysql:8.4 -- Pulling image layers:  1 pending,  9 downloaded,  4 extracted, (153 MB/? MB)
14:57:02.401 [docker-java-stream--348111525] INFO tc.mysql:8.4 -- Pulling image layers:  1 pending,  9 downloaded,  5 extracted, (153 MB/? MB)
14:57:02.441 [docker-java-stream--348111525] INFO tc.mysql:8.4 -- Pulling image layers:  1 pending,  9 downloaded,  6 extracted, (153 MB/? MB)
14:57:04.191 [docker-java-stream--348111525] INFO tc.mysql:8.4 -- Pulling image layers:  0 pending, 10 downloaded,  6 extracted, (160 MB/160 MB)
14:57:04.698 [docker-java-stream--348111525] INFO tc.mysql:8.4 -- Pulling image layers:  0 pending, 10 downloaded,  7 extracted, (160 MB/160 MB)
14:57:04.750 [docker-java-stream--348111525] INFO tc.mysql:8.4 -- Pulling image layers:  0 pending, 10 downloaded,  8 extracted, (160 MB/160 MB)
14:57:13.867 [docker-java-stream--348111525] INFO tc.mysql:8.4 -- Pulling image layers:  0 pending, 10 downloaded,  9 extracted, (160 MB/160 MB)
14:57:13.907 [docker-java-stream--348111525] INFO tc.mysql:8.4 -- Pulling image layers:  0 pending, 10 downloaded, 10 extracted, (160 MB/160 MB)
14:57:13.937 [main] INFO tc.mysql:8.4 -- Image mysql:8.4 pull took PT53.3246597S
14:57:13.937 [docker-java-stream--348111525] INFO tc.mysql:8.4 -- Pull complete. 10 layers, pulled in 49s (downloaded 160 MB at 3 MB/s)
14:57:14.263 [main] INFO org.springframework.boot.test.context.SpringBootTestContextBootstrapper -- Found @SpringBootConfiguration org.springframework.samples.petclinic.PetClinicApplication for test class org.springframework.samples.petclinic.MySqlIntegrationTests
14:57:14.488 [main] INFO tc.mysql:8.4 -- Creating container for image: mysql:8.4
14:57:14.908 [main] INFO tc.mysql:8.4 -- Container mysql:8.4 is starting: a3291162409f2b530f979455ff9b8be66c3f7607cfe4039de09ebaf7fde6e9ce
14:57:15.369 [main] INFO tc.mysql:8.4 -- Waiting for database connection to become available at jdbc:mysql://localhost:50323/test using query 'SELECT 1'
14:57:30.673 [main] INFO tc.mysql:8.4 -- Container mysql:8.4 started in PT16.1847916S
14:57:30.673 [main] INFO tc.mysql:8.4 -- Container is started (JDBC URL: jdbc:mysql://localhost:50323/test)
14:57:30.762 [main] INFO org.springframework.boot.devtools.restart.RestartApplicationListener -- Restart disabled due to context in which it is running


              |\      _,,,--,,_
             /,`.-'`'   ._  \-;;,_
  _______ __|,4-  ) )_   .;.(__`'-'__     ___ __    _ ___ _______
 |       | '---''(_/._)-'(_\_)   |   |   |   |  |  | |   |       |
 |    _  |    ___|_     _|       |   |   |   |   |_| |   |       | __ _ _
 |   |_| |   |___  |   | |       |   |   |   |       |   |       | \ \ \ \
 |    ___|    ___| |   | |      _|   |___|   |  _    |   |      _|  \ \ \ \
 |   |   |   |___  |   | |     |_|       |   | | |   |   |     |_    ) ) ) )
 |___|   |_______| |___| |_______|_______|___|_|  |__|___|_______|  / / / /
 ==================================================================/_/_/_/

:: Built with Spring Boot :: 3.3.0


2024-06-13T14:57:31.218+07:00  INFO 19972 --- [           main] o.s.s.petclinic.MySqlIntegrationTests    : Starting MySqlIntegrationTests using Java 17.0.11 with PID 19972 (started by dungh in D:\PROJECT\Gitclone\springpetclinicdocker)
2024-06-13T14:57:31.221+07:00  INFO 19972 --- [           main] o.s.s.petclinic.MySqlIntegrationTests    : The following 1 profile is active: "mysql"
2024-06-13T14:57:32.788+07:00  INFO 19972 --- [           main] .s.d.r.c.RepositoryConfigurationDelegate : Bootstrapping Spring Data JPA repositories in DEFAULT mode.
2024-06-13T14:57:32.891+07:00  INFO 19972 --- [           main] .s.d.r.c.RepositoryConfigurationDelegate : Finished Spring Data repository scanning in 86 ms. Found 2 JPA repository interfaces.
2024-06-13T14:57:34.590+07:00  INFO 19972 --- [           main] o.s.b.w.embedded.tomcat.TomcatWebServer  : Tomcat initialized with port 0 (http)
2024-06-13T14:57:34.615+07:00  INFO 19972 --- [           main] o.apache.catalina.core.StandardService   : Starting service [Tomcat]
2024-06-13T14:57:34.616+07:00  INFO 19972 --- [           main] o.apache.catalina.core.StandardEngine    : Starting Servlet engine: [Apache Tomcat/10.1.24]
2024-06-13T14:57:34.730+07:00  INFO 19972 --- [           main] o.a.c.c.C.[Tomcat].[localhost].[/]       : Initializing Spring embedded WebApplicationContext
2024-06-13T14:57:34.732+07:00  INFO 19972 --- [           main] w.s.c.ServletWebServerApplicationContext : Root WebApplicationContext: initialization completed in 3449 ms
2024-06-13T14:57:35.290+07:00  INFO 19972 --- [           main] tc.mysql:8.4                             : Creating container for image: mysql:8.4
2024-06-13T14:57:35.425+07:00  INFO 19972 --- [           main] tc.mysql:8.4                             : Container mysql:8.4 is starting: b16bf8fd0864a1be15a6a837596a4f692e4251a29ee0e5c0b0ce4cb9c1ad9987
2024-06-13T14:57:35.989+07:00  INFO 19972 --- [           main] tc.mysql:8.4                             : Waiting for database connection to become available at jdbc:mysql://localhost:50455/test using query 'SELECT 1'
2024-06-13T14:57:48.545+07:00  INFO 19972 --- [           main] tc.mysql:8.4                             : Container mysql:8.4 started in PT13.2548888S
2024-06-13T14:57:48.545+07:00  INFO 19972 --- [           main] tc.mysql:8.4                             : Container is started (JDBC URL: jdbc:mysql://localhost:50455/test)
2024-06-13T14:57:48.638+07:00  INFO 19972 --- [           main] com.zaxxer.hikari.HikariDataSource       : HikariPool-1 - Starting...
2024-06-13T14:57:48.908+07:00  INFO 19972 --- [           main] com.zaxxer.hikari.pool.HikariPool        : HikariPool-1 - Added connection com.mysql.cj.jdbc.ConnectionImpl@467e6dc2
2024-06-13T14:57:48.910+07:00  INFO 19972 --- [           main] com.zaxxer.hikari.HikariDataSource       : HikariPool-1 - Start completed.
2024-06-13T14:57:49.843+07:00  INFO 19972 --- [           main] o.hibernate.jpa.internal.util.LogHelper  : HHH000204: Processing PersistenceUnitInfo [name: default]
2024-06-13T14:57:49.933+07:00  INFO 19972 --- [           main] org.hibernate.Version                    : HHH000412: Hibernate ORM core version 6.5.2.Final
2024-06-13T14:57:50.007+07:00  INFO 19972 --- [           main] o.h.c.internal.RegionFactoryInitiator    : HHH000026: Second-level cache disabled
2024-06-13T14:57:50.517+07:00  INFO 19972 --- [           main] o.s.o.j.p.SpringPersistenceUnitInfo      : No LoadTimeWeaver setup: ignoring JPA class transformer
2024-06-13T14:57:52.807+07:00  INFO 19972 --- [           main] o.h.e.t.j.p.i.JtaPlatformInitiator       : HHH000489: No JTA platform available (set 'hibernate.transaction.jta.platform' to enable JTA platform integration)
2024-06-13T14:57:52.812+07:00  INFO 19972 --- [           main] j.LocalContainerEntityManagerFactoryBean : Initialized JPA EntityManagerFactory for persistence unit 'default'
2024-06-13T14:57:53.399+07:00  INFO 19972 --- [           main] o.s.d.j.r.query.QueryEnhancerFactory     : Hibernate is in classpath; If applicable, HQL parser will be used.
2024-06-13T14:57:55.772+07:00  INFO 19972 --- [           main] o.s.b.a.e.web.EndpointLinksResolver      : Exposing 14 endpoints beneath base path '/actuator'
2024-06-13T14:57:55.947+07:00  INFO 19972 --- [           main] o.s.b.w.embedded.tomcat.TomcatWebServer  : Tomcat started on port 50582 (http) with context path '/'
2024-06-13T14:57:55.963+07:00  INFO 19972 --- [           main] o.s.s.petclinic.MySqlIntegrationTests    : Started MySqlIntegrationTests in 25.222 seconds (process running for 108.918)
]]></system-out>
  </testcase>
  <testcase name="testOwnerDetails" classname="org.springframework.samples.petclinic.MySqlIntegrationTests" time="0.832">
    <system-out><![CDATA[2024-06-13T14:57:56.975+07:00  INFO 19972 --- [o-auto-1-exec-1] o.a.c.c.C.[Tomcat].[localhost].[/]       : Initializing Spring DispatcherServlet 'dispatcherServlet'
2024-06-13T14:57:56.975+07:00  INFO 19972 --- [o-auto-1-exec-1] o.s.web.servlet.DispatcherServlet        : Initializing Servlet 'dispatcherServlet'
2024-06-13T14:57:56.976+07:00  INFO 19972 --- [o-auto-1-exec-1] o.s.web.servlet.DispatcherServlet        : Completed initialization in 1 ms
]]></system-out>
  </testcase>
</testsuite>